{"/Users/vigor/data/sites/AMMbot/futures/src/rules.ts": {"path":"/Users/vigor/data/sites/AMMbot/futures/src/rules.ts","statementMap":{"0":{"start":{"line":6,"column":0},"end":{"line":6,"column":16}},"1":{"start":{"line":7,"column":47},"end":{"line":7,"column":49}},"2":{"start":{"line":9,"column":2},"end":{"line":14,"column":3}},"3":{"start":{"line":13,"column":4},"end":{"line":13,"column":27}},"4":{"start":{"line":16,"column":2},"end":{"line":21,"column":3}},"5":{"start":{"line":20,"column":4},"end":{"line":20,"column":24}},"6":{"start":{"line":23,"column":21},"end":{"line":23,"column":26}},"7":{"start":{"line":24,"column":2},"end":{"line":24,"column":75}}},"fnMap":{"0":{"name":"evaluateRules","decl":{"start":{"line":6,"column":16},"end":{"line":6,"column":29}},"loc":{"start":{"line":6,"column":63},"end":{"line":25,"column":1}}}},"branchMap":{"0":{"loc":{"start":{"line":9,"column":2},"end":{"line":14,"column":3}},"type":"if","locations":[{"start":{"line":9,"column":2},"end":{"line":14,"column":3}}]},"1":{"loc":{"start":{"line":10,"column":4},"end":{"line":11,"column":74}},"type":"binary-expr","locations":[{"start":{"line":10,"column":4},"end":{"line":10,"column":37}},{"start":{"line":11,"column":4},"end":{"line":11,"column":74}}]},"2":{"loc":{"start":{"line":16,"column":2},"end":{"line":21,"column":3}},"type":"if","locations":[{"start":{"line":16,"column":2},"end":{"line":21,"column":3}}]},"3":{"loc":{"start":{"line":17,"column":4},"end":{"line":18,"column":68}},"type":"binary-expr","locations":[{"start":{"line":17,"column":4},"end":{"line":17,"column":34}},{"start":{"line":18,"column":4},"end":{"line":18,"column":68}}]}},"s":{"0":1,"1":1,"2":1,"3":1,"4":1,"5":1,"6":1,"7":1},"f":{"0":1},"b":{"0":[1],"1":[1,1],"2":[1],"3":[1,1]}}
,"/Users/vigor/data/sites/AMMbot/futures/src/aggregator/window.ts": {"path":"/Users/vigor/data/sites/AMMbot/futures/src/aggregator/window.ts","statementMap":{"0":{"start":{"line":12,"column":15},"end":{"line":12,"column":17}},"1":{"start":{"line":16,"column":4},"end":{"line":16,"column":29}},"2":{"start":{"line":20,"column":4},"end":{"line":20,"column":23}},"3":{"start":{"line":21,"column":4},"end":{"line":21,"column":19}},"4":{"start":{"line":25,"column":19},"end":{"line":25,"column":38}},"5":{"start":{"line":26,"column":4},"end":{"line":26,"column":78}},"6":{"start":{"line":26,"column":59},"end":{"line":26,"column":78}},"7":{"start":{"line":34,"column":64},"end":{"line":34,"column":73}},"8":{"start":{"line":35,"column":72},"end":{"line":35,"column":81}},"9":{"start":{"line":39,"column":4},"end":{"line":39,"column":46}},"10":{"start":{"line":44,"column":14},"end":{"line":44,"column":88}},"11":{"start":{"line":45,"column":4},"end":{"line":45,"column":14}},"12":{"start":{"line":46,"column":4},"end":{"line":46,"column":38}},"13":{"start":{"line":51,"column":14},"end":{"line":51,"column":96}},"14":{"start":{"line":52,"column":4},"end":{"line":52,"column":14}},"15":{"start":{"line":53,"column":4},"end":{"line":53,"column":35}},"16":{"start":{"line":58,"column":14},"end":{"line":58,"column":42}},"17":{"start":{"line":59,"column":14},"end":{"line":59,"column":39}},"18":{"start":{"line":60,"column":4},"end":{"line":60,"column":35}},"19":{"start":{"line":60,"column":18},"end":{"line":60,"column":35}},"20":{"start":{"line":61,"column":15},"end":{"line":61,"column":25}},"21":{"start":{"line":62,"column":30},"end":{"line":62,"column":93}},"22":{"start":{"line":63,"column":4},"end":{"line":72,"column":5}},"23":{"start":{"line":64,"column":20},"end":{"line":64,"column":47}},"24":{"start":{"line":65,"column":6},"end":{"line":65,"column":42}},"25":{"start":{"line":66,"column":6},"end":{"line":66,"column":77}},"26":{"start":{"line":66,"column":43},"end":{"line":66,"column":77}},"27":{"start":{"line":67,"column":6},"end":{"line":71,"column":7}},"28":{"start":{"line":68,"column":22},"end":{"line":68,"column":42}},"29":{"start":{"line":69,"column":21},"end":{"line":69,"column":36}},"30":{"start":{"line":70,"column":8},"end":{"line":70,"column":74}},"31":{"start":{"line":70,"column":23},"end":{"line":70,"column":74}},"32":{"start":{"line":73,"column":4},"end":{"line":81,"column":5}},"33":{"start":{"line":74,"column":20},"end":{"line":74,"column":47}},"34":{"start":{"line":75,"column":6},"end":{"line":75,"column":48}},"35":{"start":{"line":76,"column":6},"end":{"line":80,"column":7}},"36":{"start":{"line":77,"column":22},"end":{"line":77,"column":45}},"37":{"start":{"line":78,"column":21},"end":{"line":78,"column":39}},"38":{"start":{"line":79,"column":8},"end":{"line":79,"column":71}},"39":{"start":{"line":79,"column":23},"end":{"line":79,"column":71}},"40":{"start":{"line":82,"column":4},"end":{"line":82,"column":13}},"41":{"start":{"line":33,"column":0},"end":{"line":33,"column":13}}},"fnMap":{"0":{"name":"(anonymous_0)","decl":{"start":{"line":15,"column":2},"end":{"line":15,"column":14}},"loc":{"start":{"line":15,"column":30},"end":{"line":17,"column":3}}},"1":{"name":"(anonymous_1)","decl":{"start":{"line":19,"column":2},"end":{"line":19,"column":6}},"loc":{"start":{"line":19,"column":11},"end":{"line":22,"column":3}}},"2":{"name":"(anonymous_2)","decl":{"start":{"line":24,"column":2},"end":{"line":24,"column":9}},"loc":{"start":{"line":24,"column":26},"end":{"line":27,"column":3}}},"3":{"name":"(anonymous_3)","decl":{"start":{"line":38,"column":2},"end":{"line":38,"column":14}},"loc":{"start":{"line":38,"column":32},"end":{"line":40,"column":3}}},"4":{"name":"(anonymous_4)","decl":{"start":{"line":43,"column":2},"end":{"line":43,"column":13}},"loc":{"start":{"line":43,"column":26},"end":{"line":47,"column":3}}},"5":{"name":"(anonymous_5)","decl":{"start":{"line":50,"column":2},"end":{"line":50,"column":16}},"loc":{"start":{"line":50,"column":40},"end":{"line":54,"column":3}}},"6":{"name":"(anonymous_6)","decl":{"start":{"line":57,"column":2},"end":{"line":57,"column":10}},"loc":{"start":{"line":57,"column":29},"end":{"line":83,"column":3}}}},"branchMap":{"0":{"loc":{"start":{"line":24,"column":10},"end":{"line":24,"column":26}},"type":"default-arg","locations":[{"start":{"line":24,"column":16},"end":{"line":24,"column":26}}]},"1":{"loc":{"start":{"line":26,"column":11},"end":{"line":26,"column":57}},"type":"binary-expr","locations":[{"start":{"line":26,"column":11},"end":{"line":26,"column":28}},{"start":{"line":26,"column":32},"end":{"line":26,"column":57}}]},"2":{"loc":{"start":{"line":38,"column":14},"end":{"line":38,"column":32}},"type":"default-arg","locations":[{"start":{"line":38,"column":30},"end":{"line":38,"column":32}}]},"3":{"loc":{"start":{"line":44,"column":14},"end":{"line":44,"column":88}},"type":"binary-expr","locations":[{"start":{"line":44,"column":14},"end":{"line":44,"column":44}},{"start":{"line":44,"column":48},"end":{"line":44,"column":88}}]},"4":{"loc":{"start":{"line":51,"column":14},"end":{"line":51,"column":96}},"type":"binary-expr","locations":[{"start":{"line":51,"column":14},"end":{"line":51,"column":41}},{"start":{"line":51,"column":45},"end":{"line":51,"column":96}}]},"5":{"loc":{"start":{"line":60,"column":4},"end":{"line":60,"column":35}},"type":"if","locations":[{"start":{"line":60,"column":4},"end":{"line":60,"column":35}}]},"6":{"loc":{"start":{"line":60,"column":8},"end":{"line":60,"column":16}},"type":"binary-expr","locations":[{"start":{"line":60,"column":8},"end":{"line":60,"column":10}},{"start":{"line":60,"column":14},"end":{"line":60,"column":16}}]},"7":{"loc":{"start":{"line":63,"column":4},"end":{"line":72,"column":5}},"type":"if","locations":[{"start":{"line":63,"column":4},"end":{"line":72,"column":5}}]},"8":{"loc":{"start":{"line":63,"column":8},"end":{"line":63,"column":32}},"type":"binary-expr","locations":[{"start":{"line":63,"column":8},"end":{"line":63,"column":9}},{"start":{"line":63,"column":13},"end":{"line":63,"column":32}}]},"9":{"loc":{"start":{"line":66,"column":6},"end":{"line":66,"column":77}},"type":"if","locations":[{"start":{"line":66,"column":6},"end":{"line":66,"column":77}}]},"10":{"loc":{"start":{"line":67,"column":6},"end":{"line":71,"column":7}},"type":"if","locations":[{"start":{"line":67,"column":6},"end":{"line":71,"column":7}}]},"11":{"loc":{"start":{"line":70,"column":8},"end":{"line":70,"column":74}},"type":"if","locations":[{"start":{"line":70,"column":8},"end":{"line":70,"column":74}}]},"12":{"loc":{"start":{"line":73,"column":4},"end":{"line":81,"column":5}},"type":"if","locations":[{"start":{"line":73,"column":4},"end":{"line":81,"column":5}}]},"13":{"loc":{"start":{"line":73,"column":8},"end":{"line":73,"column":32}},"type":"binary-expr","locations":[{"start":{"line":73,"column":8},"end":{"line":73,"column":9}},{"start":{"line":73,"column":13},"end":{"line":73,"column":32}}]},"14":{"loc":{"start":{"line":76,"column":6},"end":{"line":80,"column":7}},"type":"if","locations":[{"start":{"line":76,"column":6},"end":{"line":80,"column":7}}]},"15":{"loc":{"start":{"line":79,"column":8},"end":{"line":79,"column":71}},"type":"if","locations":[{"start":{"line":79,"column":8},"end":{"line":79,"column":71}}]}},"s":{"0":2,"1":2,"2":4,"3":4,"4":4,"5":4,"6":0,"7":1,"8":1,"9":1,"10":2,"11":2,"12":2,"13":2,"14":2,"15":2,"16":1,"17":1,"18":1,"19":0,"20":1,"21":1,"22":1,"23":1,"24":1,"25":1,"26":1,"27":1,"28":1,"29":1,"30":1,"31":1,"32":1,"33":1,"34":1,"35":1,"36":1,"37":1,"38":1,"39":1,"40":1,"41":1},"f":{"0":2,"1":4,"2":4,"3":1,"4":2,"5":2,"6":1},"b":{"0":[4],"1":[4,4],"2":[0],"3":[2,1],"4":[2,1],"5":[0],"6":[1,0],"7":[1],"8":[1,1],"9":[1],"10":[1],"11":[1],"12":[1],"13":[1,1],"14":[1],"15":[1]}}
}
