TN:
SF:src/rules.ts
FN:6,evaluateRules
FNF:1
FNH:1
FNDA:1,evaluateRules
DA:6,1
DA:7,1
DA:9,1
DA:13,1
DA:16,1
DA:20,1
DA:23,1
DA:24,1
LF:8
LH:8
BRDA:9,0,0,1
BRDA:10,1,0,1
BRDA:10,1,1,1
BRDA:16,2,0,1
BRDA:17,3,0,1
BRDA:17,3,1,1
BRF:6
BRH:6
end_of_record
TN:
SF:src/aggregator/window.ts
FN:15,(anonymous_0)
FN:19,(anonymous_1)
FN:24,(anonymous_2)
FN:38,(anonymous_3)
FN:43,(anonymous_4)
FN:50,(anonymous_5)
FN:57,(anonymous_6)
FNF:7
FNH:7
FNDA:2,(anonymous_0)
FNDA:4,(anonymous_1)
FNDA:4,(anonymous_2)
FNDA:1,(anonymous_3)
FNDA:2,(anonymous_4)
FNDA:2,(anonymous_5)
FNDA:1,(anonymous_6)
DA:12,2
DA:16,2
DA:20,4
DA:21,4
DA:25,4
DA:26,4
DA:33,1
DA:34,1
DA:35,1
DA:39,1
DA:44,2
DA:45,2
DA:46,2
DA:51,2
DA:52,2
DA:53,2
DA:58,1
DA:59,1
DA:60,1
DA:61,1
DA:62,1
DA:63,1
DA:64,1
DA:65,1
DA:66,1
DA:67,1
DA:68,1
DA:69,1
DA:70,1
DA:73,1
DA:74,1
DA:75,1
DA:76,1
DA:77,1
DA:78,1
DA:79,1
DA:82,1
LF:37
LH:37
BRDA:24,0,0,4
BRDA:26,1,0,4
BRDA:26,1,1,4
BRDA:38,2,0,0
BRDA:44,3,0,2
BRDA:44,3,1,1
BRDA:51,4,0,2
BRDA:51,4,1,1
BRDA:60,5,0,0
BRDA:60,6,0,1
BRDA:60,6,1,0
BRDA:63,7,0,1
BRDA:63,8,0,1
BRDA:63,8,1,1
BRDA:66,9,0,1
BRDA:67,10,0,1
BRDA:70,11,0,1
BRDA:73,12,0,1
BRDA:73,13,0,1
BRDA:73,13,1,1
BRDA:76,14,0,1
BRDA:79,15,0,1
BRF:22
BRH:19
end_of_record
